20250314	10:33:52	request	4f6a4f21-64ed-476a-853e-407c92cf73bb	GET	undefined	/
20250314	10:34:07	request	535be6d9-e8c4-4fa6-9150-0fd4d4af7289	GET	undefined	/
20250315	08:47:42	request	98aa2c70-c4a6-4261-b1d2-e42aae2a8e22	GET	undefined	/
20250315	08:47:49	request	17f24eaf-aa27-499c-b151-51855a79f774	GET	undefined	/
20250315	08:49:03	request	61ecc08f-3953-4f4f-a72f-bab6db6fb9e5	GET	undefined	/
20250315	08:49:04	request	54d228c0-9d38-45cc-8ff2-6b97cee08c26	GET	undefined	/
20250315	08:49:11	request	54754089-13c6-489a-94ab-ba9c3b6d61dd	GET	undefined	/
20250315	08:51:26	request	3e928e8a-338a-46ef-aeac-936c89d46574	GET	undefined	/public
20250315	08:51:53	request	15eb32eb-68b9-4304-a702-43311b7f2813	GET	undefined	/public
20250315	08:51:55	request	1199c48a-9165-4d1c-8222-5b5ba89cbb7f	GET	undefined	/public
20250315	08:52:08	request	a77f293c-a2e6-4654-89fc-33b8372bd2ff	GET	undefined	/public/
20250315	08:52:20	request	9777cf07-1039-4db3-8abf-bc76aa029b54	GET	undefined	/public/
20250315	08:52:26	request	92f1fdcc-a5b5-4310-9cf4-190dab4117d2	GET	undefined	/public
20250315	08:52:28	request	5806d853-a283-4030-8391-bb89de35555e	GET	undefined	/public
20250315	08:52:37	request	7f34de93-7170-4269-b840-631dfba253d8	GET	undefined	/
20250315	08:54:03	request	398a8ccb-275c-4a56-adfb-68615dcfaed4	GET	undefined	/
20250315	08:54:09	request	f92ced83-26f4-43d9-a3ee-6f9c5640cb0a	GET	undefined	/
20250315	08:54:12	request	56e80020-a547-4ef6-99ef-2c888e21648b	GET	undefined	/
20250315	08:54:17	request	78945494-2c8d-4800-8134-af31defbfec4	GET	undefined	/
20250315	09:04:49	request	7fb8d095-8cab-4ed5-b2a1-f375801b4425	GET	undefined	/testerror
20250315	09:05:47	request	a71360eb-19ba-4bae-b903-457ddd1689c9	GET	undefined	/testerror/test1
20250315	09:06:37	request	3e9f52c3-e66b-4d03-9e69-048790d56395	GET	undefined	/testerror/test1
20250315	09:06:55	request	9fea53a9-da9b-4de8-9979-f8489c4eead1	GET	undefined	/testerror/test1
20250315	09:06:57	request	919d85b6-fd74-4abd-8f02-f566ad53eb2a	GET	undefined	/testerror/test1
20250315	09:07:04	request	7dd1a42a-3c6c-4672-8364-c5a4a2eca1e7	GET	undefined	/testerror/test1
20250315	09:07:06	request	b1b04113-6776-4814-a093-a66d018d13e3	GET	undefined	/testerror/test1
20250315	09:09:27	request	836dccf5-441d-46e6-8f92-cfcaeb9c52ab	GET	undefined	/testerror/
20250315	09:09:38	request	64c94196-8f93-47f3-9d8f-f69c8d2d2579	GET	undefined	/testerror/
20250315	09:09:39	request	3310b459-a1bf-424d-a903-4575c5265387	GET	undefined	/testerror/
20250315	09:10:51	request	d9e21d14-7869-4f33-b63c-5c4205ef6b5d	GET	undefined	/testerror/
20250315	09:11:09	request	f97e0140-daf8-4454-9098-ec917cbdf6e7	GET	undefined	/testerror/
20250315	09:11:21	request	9fe7e645-5169-4d42-98b6-d45c5b59c9a1	GET	undefined	/testerror/
20250315	09:11:23	request	f321726b-5038-4eea-892e-b3408b81d15e	GET	undefined	/testerror/
20250315	09:11:32	request	11a38112-543b-4a23-ae12-c922c59976d0	GET	undefined	/testerror/
20250315	09:11:34	request	ae356c05-bf56-4c4e-b63a-0611aa328ee7	GET	undefined	/testerror/
20250315	09:11:54	request	3f2ed153-888b-48d0-be46-73c1b0939b3c	GET	undefined	/testerror/
20250315	09:12:00	request	0c668059-7981-4862-85ac-4f47ba35bc24	GET	undefined	/testerror/
20250315	09:12:05	request	7afc3056-8c99-40d5-9f03-354ec5c46426	GET	undefined	/testerror
20250315	09:12:22	request	608cabff-2da4-43fa-a1ee-3dbc035f0c15	GET	undefined	/testerror
20250315	09:12:25	request	d706f170-401a-4ebd-a142-9e5278e6d8e5	GET	undefined	/testerror
20250315	09:12:40	request	4fad9e13-8280-45f3-b6cd-59542f39e57e	GET	undefined	/testerror
20250315	09:12:43	request	63658aba-c15e-4c84-afe4-f774836bb3c2	GET	undefined	/testerror
20250315	09:13:26	request	1b76dbee-4875-4816-babb-dcdd7d9e0fff	GET	undefined	/testerror
20250315	09:13:26	request	ac550f12-48db-45aa-8ce1-9c0cbe0e70e4	GET	undefined	/testerror
20250315	09:13:27	request	d70cb017-fe61-4cd1-92bf-42000feb157f	GET	undefined	/favicon.ico
20250315	09:13:27	request	d646465c-eb03-470a-bb39-708e1e88dc31	GET	undefined	/favicon.ico
20250315	09:15:35	request	e78a47a3-330a-4025-8080-5d66dc38cf11	GET	undefined	/
20250315	09:17:23	request	24f137bd-7fce-4a54-bd6f-b8fc061ea367	GET	undefined	/testerror/
20250315	09:18:18	request	0489c770-cae7-4fca-b318-e9563a37ef4a	GET	undefined	/testerror/
20250315	09:18:33	request	dc172374-78dd-4042-b367-523978febd5b	GET	undefined	/testerror/
20250315	12:52:03	request	3433701f-2da6-44d9-bb3f-df7d0a7cbd79	GET	undefined	/testerror
20250315	12:53:10	request	39227bba-8e7e-4b7f-abd8-195c39441757	GET	undefined	/testerror
20250315	12:53:16	request	748a9dcf-59d8-4824-b0e4-266554036bfb	GET	undefined	/testerror
20250315	12:53:18	request	95ff69a8-ca7f-4ad3-9fbc-610f7d7851fd	GET	undefined	/testerror
20250315	12:59:07	request	91699173-3690-4666-8e1f-db448502a8ee	GET	undefined	/
20250315	12:59:19	request	6028f2fe-95b3-4f50-ab96-07c0e4c84ae3	GET	undefined	/
20250315	12:59:42	request	e5540310-9981-4475-8f39-94d6f0f1c193	GET	undefined	/
20250315	12:59:46	request	92a8b14f-6340-4afa-ace6-04a5e93e360f	GET	undefined	/
20250315	13:02:38	request	ba9607fa-a82d-44d1-bc23-0e1cf0d8c13c	GET	undefined	/
20250315	13:02:55	request	5e93de07-7089-42b2-99d9-54972e100c23	GET	undefined	/
20250315	13:02:55	request	31eef4c1-3364-42f3-a736-b542334c77d5	GET	undefined	/favicon.ico
20250315	13:03:34	request	f492b00a-1d0d-4457-b76a-2fb345dbcc70	GET	undefined	/
20250315	13:05:48	request	7c0e1fde-fe72-49ca-9308-4bb671b76554	GET	undefined	/
20250315	13:05:48	request	d97ba45f-7e45-41c6-8e1e-d674905a992b	GET	undefined	/assets/brand/bootstrap-logo.svg
20250315	13:06:17	request	ceba14d5-4081-44b0-a605-c31cc4c80918	GET	undefined	/
20250315	13:06:17	request	190ba207-6461-4cc5-8f04-f30e6612619f	GET	undefined	/assets/brand/bootstrap-logo.svg
20250315	13:06:25	request	2a6e966b-6820-4421-8dba-70df1079e514	GET	undefined	/
20250315	13:07:50	request	02b44bcf-3808-44d9-bd8e-c570a7f2703b	GET	undefined	/
20250315	13:10:38	request	3c1edeb9-6977-4362-b22b-f6b885890892	GET	undefined	/
20250315	13:10:38	request	c2c39257-b63a-4546-9014-77520d89fb9d	GET	undefined	/public/js/
20250315	13:10:38	request	408a6aa0-9675-42e1-a940-247bb84b16d0	GET	undefined	/public/js/
20250315	13:10:49	request	555f392c-76ef-4113-b841-bf9a55f71b43	GET	undefined	/
20250315	13:10:49	request	13af88ae-3358-4e9b-9f85-a7a3195c162f	GET	undefined	/public/js/
20250315	13:10:49	request	d4a0a7d8-a6e8-46da-aaaa-4ce27cd4573b	GET	undefined	/public/js/
20250315	13:12:11	request	7959b0b3-e085-4562-b5f0-caad38106f7a	GET	undefined	/
20250315	13:12:11	request	4258c978-77fd-4726-9342-223792256e29	GET	undefined	/public/js/
20250315	13:12:11	request	07c786ad-2bb1-4f29-a575-63ea13f82cb8	GET	undefined	/public/js/
20250315	13:13:46	request	20e5f822-cc3f-4fae-9372-6acfae232c76	GET	undefined	/
20250315	13:13:46	request	c7eaa21d-1be3-43e8-8c58-98357024a06a	GET	undefined	/public/js/
20250315	13:13:46	request	a6b25679-c0d9-4cd4-8413-3ef2c49310de	GET	undefined	/public/js/
20250315	13:13:53	request	78a50fab-0d60-422f-9821-3fb04801be91	GET	undefined	/
20250315	13:13:53	request	8e1e87d3-ca0c-458d-907f-e84f6bba91db	GET	undefined	/public/js/
20250315	13:13:53	request	28da7a7f-5543-4012-b9d3-f34de5bb4340	GET	undefined	/public/js/
20250315	13:14:11	request	c3895017-30fa-4e4e-836f-65582f2b2ccd	GET	undefined	/
20250315	13:14:12	request	33280c19-1088-451b-8f57-1c84d27690e3	GET	undefined	/public/js/
20250315	13:14:12	request	15af771c-ebe7-499b-bca6-f18f429604d5	GET	undefined	/public/js/
20250315	13:28:02	request	77f172c2-49c6-4091-9c07-95ae8d69389b	GET	undefined	/
20250315	13:28:02	request	2bd42611-fbaf-4441-b459-73135f995534	GET	undefined	/public/assets/bootstrap.assets/js/color-modes.js
20250315	13:28:02	request	ad4052fa-2770-409d-9b0a-ddc4d34f0a0e	GET	undefined	/%3C?=ROOT?%3Epublic/assets/bootstrap.assets/dist/css/bootstrap.min.css
20250315	13:28:02	request	7b963658-60a8-451a-85ca-1fdb1f612a40	GET	undefined	/%3C?=ROOT?%3Epublic/assets/css/home.css
20250315	13:28:02	request	c0c4995a-8e1b-4a30-aaab-50d0e2b13b52	GET	undefined	/%3C?=ROOT?%3Epublic/assets/css/common.css
20250315	13:28:02	request	117cef7d-d827-4c9c-b268-913968ce0d70	GET	undefined	/%3C?=%20ROOT?%3Epublic/assets/bootstrap.assets/dist/js/bootstrap.bundle.min.js
20250315	13:28:02	request	5d95d56b-99c5-4943-bdee-516ba269faca	GET	undefined	/%3C?=%20ROOT?%3Epublic/assets/js/common-components/index.js
20250315	13:28:02	request	75b1a8f1-6f82-4aa3-ac3e-5847b175e916	GET	undefined	/%3C?=%20ROOT?%3Epublic/assets/js/main/home.js
20250315	13:31:46	request	58bcc832-99dd-4e61-ac52-8204f8bdf2da	GET	undefined	/
20250315	13:31:46	request	ce8757e8-977c-4a53-9277-73b1b7bcae55	GET	undefined	/%3C?=%20ROOT?%3Epublic/assets/bootstrap.assets/dist/js/bootstrap.bundle.min.js
20250315	13:31:46	request	f752f710-4b18-4688-b31e-ec67b0c73056	GET	undefined	/%3C?=%20ROOT?%3Epublic/assets/js/main/home.js
20250315	13:31:46	request	4eae661b-4f1d-41ef-90c4-c23629f922de	GET	undefined	/%3C?=%20ROOT?%3Epublic/assets/js/common-components/index.js
20250315	13:31:57	request	4cceb7aa-6bff-499c-a3c8-b4ae13419953	GET	undefined	/
20250315	13:31:57	request	75b0e72e-467d-47f4-a25e-392522230c37	GET	undefined	/%3C?=%20ROOT?%3Epublic/assets/bootstrap.assets/dist/js/bootstrap.bundle.min.js
20250315	13:31:57	request	eb036df4-3441-4f2d-b806-93f9a4d619ce	GET	http://localhost:3000	/%3C?=%20ROOT?%3Epublic/assets/js/common-components/index.js
20250315	13:31:57	request	8492cdcb-85b0-4902-9bde-e1ed4b79728d	GET	http://localhost:3000	/%3C?=%20ROOT?%3Epublic/assets/js/main/home.js
20250315	13:32:00	request	e77e54ec-c087-4610-83ee-fe219f0e7110	GET	undefined	/favicon.ico
20250315	13:32:04	request	45d9a270-1ed5-4214-bdcc-eedc470a1899	GET	undefined	/
20250315	13:32:04	request	06d289b6-a3b1-4c1e-a28a-9ab1bb37e030	GET	undefined	/%3C?=%20ROOT?%3Epublic/assets/bootstrap.assets/dist/js/bootstrap.bundle.min.js
20250315	13:32:04	request	14893342-31aa-40a3-8c40-5a75e165503d	GET	http://localhost:3000	/%3C?=%20ROOT?%3Epublic/assets/js/common-components/index.js
20250315	13:32:04	request	7e889c0b-b602-471e-8cca-6eb56f73c80d	GET	http://localhost:3000	/%3C?=%20ROOT?%3Epublic/assets/js/main/home.js
20250315	13:32:47	request	9775d27c-570d-4663-9c8b-19d80b4c64d2	GET	undefined	/
20250315	13:32:48	request	e9bdc589-ac98-4e58-8af9-9a2a2ee09976	GET	undefined	/%3C?=%20ROOT?%3Epublic/assets/bootstrap.assets/dist/js/bootstrap.bundle.min.js
20250315	13:32:48	request	7ffaa3bd-cad1-4caf-a3a5-bc0529339757	GET	http://localhost:3000	/%3C?=%20ROOT?%3Epublic/assets/js/common-components/index.js
20250315	13:32:48	request	51994edd-9540-45db-8244-b4b972d4e236	GET	http://localhost:3000	/%3C?=%20ROOT?%3Epublic/assets/js/main/home.js
20250315	13:33:23	request	7ac717bf-4f07-4a43-b550-1353f9560447	GET	undefined	/
20250315	13:33:23	request	d45b310b-0778-4c21-824e-7f9719071d1c	GET	undefined	/%3C?=%20ROOT?%3Epublic/assets/bootstrap.assets/dist/js/bootstrap.bundle.min.js
20250315	13:33:23	request	756f758d-86fb-4c8e-aee9-48e0774df79f	GET	http://localhost:3000	/%3C?=%20ROOT?%3Epublic/assets/js/main/home.js
20250315	13:33:23	request	5bd0d353-0535-40b2-bda5-7557c67e8a1c	GET	http://localhost:3000	/%3C?=%20ROOT?%3Epublic/assets/js/common-components/index.js
20250315	13:34:21	request	b1998dc5-e055-4897-b4a2-7ed6ff75d037	GET	undefined	/
20250315	13:34:21	request	9e144c35-3bd1-410f-8fd7-fc52e3be77ed	GET	undefined	/%3C?=%20ROOT?%3Epublic/assets/bootstrap.assets/dist/js/bootstrap.bundle.min.js
20250315	13:34:21	request	bca2d7ae-6074-4edc-a967-e5365cae7a62	GET	http://localhost:3000	/%3C?=%20ROOT?%3Epublic/assets/js/common-components/index.js
20250315	13:34:21	request	3183a64f-85c8-4cfe-90be-03f022f50da7	GET	http://localhost:3000	/%3C?=%20ROOT?%3Epublic/assets/js/main/home.js
20250315	13:35:50	request	9c1b1bb8-93e4-4a72-9363-963589e0d210	GET	undefined	/home.html
20250315	13:35:50	request	8fb84035-ef8a-4fc1-9757-c5d1f812979d	GET	undefined	/%3C?=%20ROOT?%3Epublic/assets/bootstrap.assets/dist/js/bootstrap.bundle.min.js
20250315	13:35:50	request	749bd7d1-72d0-453b-becf-5f9043f8b44d	GET	http://localhost:3000	/%3C?=%20ROOT?%3Epublic/assets/js/common-components/index.js
20250315	13:35:50	request	b9225fdc-96f5-481d-8e63-f5dd503b9169	GET	http://localhost:3000	/%3C?=%20ROOT?%3Epublic/assets/js/main/home.js
20250315	13:36:00	request	dcd908d2-0bd3-4bf9-b34f-d9a17e760601	GET	undefined	/home.css
20250315	13:36:27	request	50f8cfcd-ce0b-4db7-a15c-37a68c2a635a	GET	undefined	/assets/css/home.css
20250315	13:36:44	request	02288786-b152-4378-a9ff-3aa3369ebf71	GET	undefined	/assets/css/home.css
20250315	13:36:57	request	abfb09a3-48d6-4742-b38c-6be1e6103e4d	GET	undefined	/assets/css/homi.css
20250315	13:37:02	request	192aaaf6-709e-4b95-9c6c-0bea17e19bd9	GET	undefined	/assets/css/home.css
20250315	13:37:04	request	6b0a29ab-0784-41fb-8697-99ce512b3e4e	GET	undefined	/assets/css/homi.css
20250315	13:37:17	request	1e382d1b-15fd-4dd6-ada0-3c17d9fea64d	GET	undefined	/
20250315	13:37:17	request	08c99b48-71c1-4ee8-816d-b916c3073460	GET	undefined	/%3C?=%20ROOT?%3Epublic/assets/bootstrap.assets/dist/js/bootstrap.bundle.min.js
20250315	13:37:17	request	76e305dd-53a8-446b-94e4-ee4a74bd76ff	GET	http://localhost:3000	/%3C?=%20ROOT?%3Epublic/assets/js/common-components/index.js
20250315	13:37:17	request	9fffe45b-88df-4c77-84f0-c43ed9af82b1	GET	http://localhost:3000	/%3C?=%20ROOT?%3Epublic/assets/js/main/home.js
20250315	13:37:39	request	8ef13a3b-7d4b-483e-afc6-d5996d078360	GET	undefined	/
20250315	13:37:39	request	914e9d00-9d76-4329-9056-d5c32bb68ac1	GET	undefined	/home.css
20250315	13:37:39	request	e013af8f-900f-44e0-8589-4ebe2a1020fd	GET	undefined	/%3C?=%20ROOT?%3Epublic/assets/bootstrap.assets/dist/js/bootstrap.bundle.min.js
20250315	13:37:39	request	8e122bb4-c159-45d1-88fc-bb627152dffe	GET	http://localhost:3000	/%3C?=%20ROOT?%3Epublic/assets/js/common-components/index.js
20250315	13:37:39	request	be173324-3033-4666-bbe2-6b7c480380e2	GET	http://localhost:3000	/%3C?=%20ROOT?%3Epublic/assets/js/main/home.js
20250315	13:37:58	request	b3b9b392-6756-430d-8d31-9b30afeac07b	GET	undefined	/
20250315	13:37:58	request	e4f3c8ed-a4cd-40a0-8e30-227541eef69e	GET	undefined	/home.css
20250315	13:37:58	request	47ae9c5d-d8fc-457a-b892-b47ce07a1b5e	GET	undefined	/public/assets/css/common.css
20250315	13:37:58	request	87f82a02-818b-4d9f-b652-9e16d7b77d9b	GET	http://localhost:3000	/%3C?=%20ROOT?%3Epublic/assets/js/main/home.js
20250315	13:37:58	request	154e2199-bcf1-4c79-b405-b4f5e962be4e	GET	http://localhost:3000	/%3C?=%20ROOT?%3Epublic/assets/js/common-components/index.js
20250315	13:37:58	request	4078666e-33ba-46e0-a729-0711c89d8bdf	GET	undefined	/%3C?=%20ROOT?%3Epublic/assets/bootstrap.assets/dist/js/bootstrap.bundle.min.js
20250315	13:39:54	request	73cfe621-28f6-4fbb-bae0-0cb4192e1899	GET	undefined	/
20250315	13:39:54	request	dcc817d8-0243-47bd-b092-1afb60f2d8b7	GET	undefined	/%3C?=ROOT?%3Epublic/assets/bootstrap.assets/dist/css/bootstrap.min.css
20250315	13:39:54	request	ad0809c1-6a35-4151-a5ec-d3d67418f338	GET	undefined	/%3C?=%20ROOT?%3Epublic/assets/bootstrap.assets/dist/js/bootstrap.bundle.min.js
20250315	13:39:54	request	9c2f4780-2ec0-469f-87b6-afa63c3f708f	GET	http://localhost:3000	/%3C?=%20ROOT?%3Epublic/assets/js/common-components/index.js
20250315	13:39:54	request	0939df01-adec-40c6-83af-da986bed245a	GET	http://localhost:3000	/%3C?=%20ROOT?%3Epublic/assets/js/main/home.js
20250315	13:40:33	request	d725eb5a-f014-4d3f-9a09-3814f6d695dc	GET	undefined	/
20250315	13:40:33	request	ee58234f-6033-4279-8d44-62c3e42194c2	GET	undefined	/%3C?=ROOT?%3Epublic/assets/bootstrap.assets/dist/css/bootstrap.min.css
20250315	13:40:33	request	41b8f290-dd28-4e49-ad0f-daf2db1fc1e3	GET	undefined	/%3C?=%20ROOT?%3Epublic/assets/bootstrap.assets/dist/js/bootstrap.bundle.min.js
20250315	13:40:33	request	829b682c-5df3-43d9-9742-1e492998fceb	GET	http://localhost:3000	/%3C?=%20ROOT?%3Epublic/assets/js/common-components/index.js
20250315	13:40:33	request	2b2504ad-3218-4abd-bbcf-bb676d98a2f6	GET	http://localhost:3000	/%3C?=%20ROOT?%3Epublic/assets/js/main/home.js
20250315	13:40:42	request	2c504f0f-e62e-4c88-981a-95f9fb1bd2e3	GET	undefined	/
20250315	13:40:42	request	e9738ae2-f724-41f0-8adf-4cba846e8f40	GET	undefined	/%3C?=ROOT?%3Epublic/assets/bootstrap.assets/dist/css/bootstrap.min.css
20250315	13:40:42	request	ab1da23a-8c64-4048-a635-9878c3acab2a	GET	undefined	/%3C?=%20ROOT?%3Epublic/assets/bootstrap.assets/dist/js/bootstrap.bundle.min.js
20250315	13:40:42	request	2b08059b-2a45-4c91-b4be-055be13af885	GET	http://localhost:3000	/%3C?=%20ROOT?%3Epublic/assets/js/main/home.js
20250315	13:40:42	request	6f373a65-4792-4274-ac92-6d89dde55d1e	GET	http://localhost:3000	/%3C?=%20ROOT?%3Epublic/assets/js/common-components/index.js
20250315	13:40:54	request	4434be82-2ae6-40de-ac2d-8fbb51b0e992	GET	undefined	/
20250315	13:40:54	request	b553e3ba-4996-41b2-ae82-29699ddff6fb	GET	undefined	/%3C?=ROOT?%3Epublic/assets/bootstrap.assets/dist/css/bootstrap.min.css
20250315	13:40:54	request	5db1d6ec-2ed0-4666-863e-26a2a01d4733	GET	undefined	/%3C?=%20ROOT?%3Epublic/assets/bootstrap.assets/dist/js/bootstrap.bundle.min.js
20250315	13:40:54	request	8c3c3c79-317c-4421-b947-1355c850375b	GET	http://localhost:3000	/%3C?=%20ROOT?%3Epublic/assets/js/common-components/index.js
20250315	13:40:54	request	1dcfb8c4-ce3d-4f7c-8df5-9fba1d3b8763	GET	http://localhost:3000	/%3C?=%20ROOT?%3Epublic/assets/js/main/home.js
20250315	13:41:20	request	ae817867-a87e-497d-b62c-4fd7fc5fd762	GET	undefined	/
20250315	13:41:20	request	b221cc6a-c77a-4ebe-9e91-7e93eb8c47ca	GET	undefined	/assets/css/common.css
20250315	13:41:20	request	32b16aa8-83ad-45b5-a2a1-140a31b1b7e8	GET	http://localhost:3000	/%3C?=%20ROOT?%3Epublic/assets/js/common-components/index.js
20250315	13:41:20	request	82b1a774-4fa7-4088-b199-2a504757e430	GET	undefined	/assets/css/home.css
20250315	13:41:20	request	d155cff1-f069-4886-a235-15cc30b339f4	GET	http://localhost:3000	/%3C?=%20ROOT?%3Epublic/assets/js/main/home.js
20250315	13:41:20	request	f4efa223-236b-480a-ae28-d8c1731a9ec7	GET	undefined	/%3C?=%20ROOT?%3Epublic/assets/bootstrap.assets/dist/js/bootstrap.bundle.min.js
20250315	13:42:09	request	ab850c28-86b1-4b5a-980e-02311a877b33	GET	undefined	/
20250315	13:42:09	request	dbbc4d7d-80c3-499a-a298-044cd6b5e84e	GET	undefined	/assets/css/home.css
20250315	13:42:09	request	e9543f13-5bb0-43d6-b839-5215feb322a4	GET	undefined	/assets/css/common.css
20250315	13:42:09	request	62255b83-de47-4263-9aab-8b506e51ad6f	GET	undefined	/%3C?=%20ROOT?%3Epublic/assets/bootstrap.assets/dist/js/bootstrap.bundle.min.js
20250315	13:42:09	request	6320f7e2-d33f-44c3-a7ee-922df9f4afb9	GET	http://localhost:3000	/assets/js/common-components/index.js
20250315	13:42:09	request	9e25bfca-a71e-44d0-9a49-9a0e95cf01ab	GET	http://localhost:3000	/assets/js/main/home.js
20250315	13:42:09	request	0caaac0a-8f46-48f4-a494-f75ff8c8dc86	GET	http://localhost:3000	/assets/js/common-components/GitRepositoryHeader/GitRepositoryHeader.js
20250315	13:42:09	request	750b6df9-83ce-4e01-836a-49d2bbec74ed	GET	http://localhost:3000	/assets/js/common-components/Footer/Footer.js
20250315	13:42:09	request	b66f9f6f-0231-498e-a03e-1b183473951b	GET	http://localhost:3000	/assets/js/common-components/Header/Header.js
20250315	13:42:09	request	cc7138a4-2fb8-4637-b3d2-aad4583edbff	GET	http://localhost:3000	/assets/js/common-components/Modals/modal.js
20250315	13:42:09	request	af599fcc-b3bf-4cbc-a444-51131dc25beb	GET	http://localhost:3000	/assets/js/utils/globalVariables.js
20250315	13:42:09	request	fda3e4ff-e086-4e74-aec1-7e94f037db96	GET	http://localhost:3000	/assets/js/common-components/Modals/edit/edit_dog.modal.js
20250315	13:42:39	request	56212692-e1c7-4f37-a06a-a3c526c7e33d	GET	undefined	/
20250315	13:42:39	request	00b43dff-0a4e-4bf1-93c3-1cbd13abcdbe	GET	undefined	/assets/css/home.css
20250315	13:42:39	request	a63b904e-d45a-4405-91d0-c33547f64b43	GET	http://localhost:3000	/assets/js/common-components/index.js
20250315	13:42:39	request	2a170bc6-1020-4288-bffe-365535ff82e7	GET	undefined	/%3C?=%20ROOT?%3Epublic/assets/bootstrap.assets/dist/js/bootstrap.bundle.min.js
20250315	13:42:39	request	58e7b2d7-5e27-4622-8816-94bd815e02a6	GET	undefined	/assets/css/common.css
20250315	13:42:39	request	efb21300-56f3-453f-b29e-9cfa6b8d6bef	GET	http://localhost:3000	/assets/js/main/home.js
20250315	13:42:39	request	3f0410dc-76ec-456d-b571-4781ecfa0b42	GET	http://localhost:3000	/assets/js/common-components/GitRepositoryHeader/GitRepositoryHeader.js
20250315	13:42:39	request	b3989774-a73c-4e1f-ad4d-1428c8989351	GET	http://localhost:3000	/assets/js/common-components/Header/Header.js
20250315	13:42:39	request	4929b003-dd60-401b-b037-b8f8b0c22d37	GET	http://localhost:3000	/assets/js/common-components/Modals/modal.js
20250315	13:42:39	request	f36f6f7b-ae18-4ca6-917f-2ef0596edc11	GET	http://localhost:3000	/assets/js/common-components/Modals/edit/edit_dog.modal.js
20250315	13:42:39	request	05337186-ec97-45f3-acad-da93dc6bdcc9	GET	http://localhost:3000	/assets/js/common-components/Footer/Footer.js
20250315	13:42:39	request	ede54ca3-ab88-45a6-a6ce-be31f1b396c5	GET	http://localhost:3000	/assets/js/utils/globalVariables.js
20250315	13:42:52	request	2f55be13-0819-4d95-bcfe-ce3d2b40a447	GET	undefined	/
20250315	13:42:52	request	8f259075-8301-430e-b527-503e87c54fb0	GET	undefined	/assets/css/home.css
20250315	13:42:52	request	0ea0282c-6d0d-437b-bf14-46e7a79d3f23	GET	undefined	/assets/css/common.css
20250315	13:42:52	request	3412708d-caf6-4053-9aaf-5068a20b40ba	GET	http://localhost:3000	/assets/js/common-components/index.js
20250315	13:42:52	request	b891de87-4b50-4a0b-b620-863f774da2c7	GET	undefined	/%3C?=%20ROOT?%3Epublic/assets/bootstrap.assets/dist/js/bootstrap.bundle.min.js
20250315	13:42:52	request	db369404-04e9-499b-879b-4b47612a626c	GET	http://localhost:3000	/assets/js/main/home.js
20250315	13:42:53	request	8a51774a-e1c5-4506-8bd1-0b07888e530a	GET	http://localhost:3000	/assets/js/common-components/GitRepositoryHeader/GitRepositoryHeader.js
20250315	13:42:53	request	58cb295d-bd87-49f1-97fe-c2c718cec739	GET	http://localhost:3000	/assets/js/common-components/Header/Header.js
20250315	13:42:53	request	39d3f557-cf8d-4315-a988-d373dbcc821b	GET	http://localhost:3000	/assets/js/utils/globalVariables.js
20250315	13:42:53	request	b293f7ac-b246-42a6-bb60-64b5cb87d6a0	GET	http://localhost:3000	/assets/js/common-components/Footer/Footer.js
20250315	13:42:53	request	8e80c4a6-c45c-4d36-ad6b-cb5b5992e4be	GET	http://localhost:3000	/assets/js/common-components/Modals/modal.js
20250315	13:42:53	request	03c21b34-8b7a-4d1c-9cb1-fb3270e6f28a	GET	http://localhost:3000	/assets/js/common-components/Modals/edit/edit_dog.modal.js
20250315	13:43:19	request	fbb485d1-73b3-46bb-b27b-08c0a4d85f75	GET	undefined	/
20250315	13:43:19	request	1ba8b4c9-0bc1-4057-8d5f-a67cf6089de9	GET	undefined	/assets/css/home.css
20250315	13:43:19	request	b68f9424-65a8-4b90-a8e9-7cfe4009e1bf	GET	undefined	/assets/css/common.css
20250315	13:43:19	request	6418d048-cba5-4fd2-8cbc-c110a09d2d55	GET	http://localhost:3000	/assets/js/common-components/index.js
20250315	13:43:19	request	db441127-068c-4eac-b151-6f6b093e39dc	GET	http://localhost:3000	/assets/js/main/home.js
20250315	13:43:19	request	8e056e38-5b43-403f-83a6-fca459cac682	GET	undefined	/%3C?=%20ROOT?%3Epublic/assets/bootstrap.assets/dist/js/bootstrap.bundle.min.js
20250315	13:43:19	request	d90cf8f2-bb8e-4277-ba90-fcd4a64421de	GET	http://localhost:3000	/assets/js/common-components/GitRepositoryHeader/GitRepositoryHeader.js
20250315	13:43:19	request	6f109133-bf31-4595-9eba-ceb3adbbd39d	GET	http://localhost:3000	/assets/js/common-components/Header/Header.js
20250315	13:43:19	request	fe8e2ba4-c164-40f5-9b11-aed46a214a8c	GET	http://localhost:3000	/assets/js/common-components/Footer/Footer.js
20250315	13:43:19	request	26559841-592e-4f38-8a9f-d42aef1a2add	GET	http://localhost:3000	/assets/js/common-components/Modals/modal.js
20250315	13:43:19	request	76feb661-25c0-4df5-b27d-e3d693c73a31	GET	http://localhost:3000	/assets/js/common-components/Modals/edit/edit_dog.modal.js
20250315	13:43:19	request	d21f8988-97a4-4a7d-816b-a00c00a0847a	GET	http://localhost:3000	/assets/js/utils/globalVariables.js
20250315	13:47:48	request	6b10c676-e14e-46e9-ba1c-ff6afa615e79	GET	undefined	/
20250315	13:47:48	request	730c82d1-707a-4ee8-b598-382b0cfae0c2	GET	undefined	/assets/css/home.css
20250315	13:47:48	request	23b5a777-0cb5-49d1-9279-43ce847fd6fb	GET	undefined	/assets/css/common.css
20250315	13:47:48	request	53bc3d62-973a-40d0-9d54-e84bcbc27fb3	GET	http://localhost:3000	/assets/js/common-components/index.js
20250315	13:47:48	request	755883f1-5305-4cab-81bb-841ffed192f6	GET	http://localhost:3000	/assets/js/main/home.js
20250315	13:47:48	request	9b2c5b74-7093-4317-aaca-68d50bd16b6c	GET	undefined	/%3C?=%20ROOT?%3Epublic/assets/bootstrap.assets/dist/js/bootstrap.bundle.min.js
20250315	13:47:48	request	a0d30547-46e6-444d-be52-ffa0b100499b	GET	http://localhost:3000	/assets/js/common-components/GitRepositoryHeader/GitRepositoryHeader.js
20250315	13:47:48	request	107e6d9b-c8b0-4bfc-8467-baa1899ceaa2	GET	http://localhost:3000	/assets/js/common-components/Header/Header.js
20250315	13:47:48	request	b926943e-18a2-45d7-8d88-941cec6b9915	GET	http://localhost:3000	/assets/js/common-components/Footer/Footer.js
20250315	13:47:48	request	3f78c91a-29e1-45ed-a0e1-83b432c1e3bf	GET	http://localhost:3000	/assets/js/common-components/Modals/modal.js
20250315	13:47:48	request	073e7a0c-8f3e-42da-b545-f0260117fe83	GET	http://localhost:3000	/assets/js/common-components/Modals/edit/edit_dog.modal.js
20250315	13:47:48	request	3631f3fb-8a08-4f91-970e-0007f60b3599	GET	http://localhost:3000	/assets/js/utils/globalVariables.js
20250315	13:47:57	request	7609dbab-58e3-4b62-8494-8f0b611be19e	GET	undefined	/
20250315	13:47:57	request	5073dcc5-0b59-4a4d-85b9-287502732d04	GET	undefined	/assets/css/home.css
20250315	13:47:57	request	d92671cb-dc88-4f38-859b-06e15f9d54cc	GET	undefined	/assets/css/common.css
20250315	13:47:57	request	064686a0-b1f5-4e29-9113-776a5252538e	GET	http://localhost:3000	/assets/js/common-components/index.js
20250315	13:47:57	request	ad29b842-0910-4acc-a649-743eb6734d47	GET	undefined	/%3C?=%20ROOT?%3Epublic/assets/bootstrap.assets/dist/js/bootstrap.bundle.min.js
20250315	13:47:57	request	a00b3209-c9c7-47ad-9525-47e390e1811e	GET	http://localhost:3000	/assets/js/main/home.js
20250315	13:47:57	request	4cb4d723-5602-451f-b0a3-4b51a513b103	GET	http://localhost:3000	/assets/js/common-components/GitRepositoryHeader/GitRepositoryHeader.js
20250315	13:47:57	request	a0ec57fe-71af-4a72-ab7a-57f1cdbe7f25	GET	http://localhost:3000	/assets/js/common-components/Header/Header.js
20250315	13:47:57	request	be50b76a-1d11-439c-8866-a76260be35e5	GET	http://localhost:3000	/assets/js/common-components/Footer/Footer.js
20250315	13:47:57	request	1a05662a-5632-4aae-b81a-ef8993293a89	GET	http://localhost:3000	/assets/js/common-components/Modals/edit/edit_dog.modal.js
20250315	13:47:57	request	ffcc54c9-2526-4f8a-b5a2-bd31049910cb	GET	http://localhost:3000	/assets/js/common-components/Modals/modal.js
20250315	13:47:57	request	c956a599-fa6d-4835-bc48-aee81ce05e4b	GET	http://localhost:3000	/assets/js/utils/globalVariables.js
20250315	13:49:18	request	09181257-35f1-4973-90a5-583f3146def1	GET	undefined	/
20250315	13:49:18	request	8fd8a8de-41b0-42ff-a286-7d65caba1620	GET	undefined	/assets/css/home.css
20250315	13:49:18	request	f65c37db-d118-4671-93e9-f05fa73f4250	GET	undefined	/assets/css/common.css
20250315	13:49:18	request	b69d450c-73c0-417b-95a0-f2c52d3f1bea	GET	http://localhost:3000	/assets/js/main/home.js
20250315	13:49:18	request	f8d3a03e-3865-463e-a9b0-046d898e6520	GET	http://localhost:3000	/assets/js/common-components/index.js
20250315	13:49:18	request	2ff51fa3-a831-4d8f-ac9c-a8e9a453fbf2	GET	undefined	/%3C?=%20ROOT?%3Epublic/assets/bootstrap.assets/dist/js/bootstrap.bundle.min.js
20250315	13:49:18	request	01fea862-5769-45c3-9b2e-788f5a67b315	GET	http://localhost:3000	/assets/js/common-components/GitRepositoryHeader/GitRepositoryHeader.js
20250315	13:49:18	request	82cea5cb-976f-43ea-8871-960ab8fc5e32	GET	http://localhost:3000	/assets/js/common-components/Header/Header.js
20250315	13:49:18	request	f3b51fc6-21a1-4534-b264-48af14c250cd	GET	http://localhost:3000	/assets/js/utils/globalVariables.js
20250315	13:49:18	request	5f05c0e2-b6ff-42fe-9cfd-d9b27142b5d9	GET	http://localhost:3000	/assets/js/common-components/Footer/Footer.js
20250315	13:49:18	request	eb9ec175-8c6f-4600-9e7b-02fdcd48a24a	GET	http://localhost:3000	/assets/js/common-components/Modals/modal.js
20250315	13:49:18	request	fefb04eb-9ffd-4a53-b3c3-3bde47ec6446	GET	http://localhost:3000	/assets/js/common-components/Modals/edit/edit_dog.modal.js
20250315	13:50:13	request	c14541cd-92de-45ed-a68f-5a0b1e7c6561	GET	undefined	/
20250315	13:50:13	request	34e0254e-2ae9-47cf-a5d8-a751cc9ea853	GET	undefined	/assets/css/home.css
20250315	13:50:13	request	4194c2d5-8d63-41b9-94a9-84c453f62988	GET	undefined	/assets/css/common.css
20250315	13:50:13	request	062f0a4a-048d-4bfb-aab3-629b73435fdf	GET	http://localhost:3000	/assets/js/common-components/index.js
20250315	13:50:13	request	442f10c7-bf12-4752-9099-209cbfdd5fa0	GET	http://localhost:3000	/assets/js/main/home.js
20250315	13:50:14	request	c14b1b40-1c30-440b-a3f0-66599b8dbad7	GET	http://localhost:3000	/assets/js/common-components/GitRepositoryHeader/GitRepositoryHeader.js
20250315	13:50:14	request	9451423f-d591-4ced-a3b5-4bd8403f8d8c	GET	http://localhost:3000	/assets/js/common-components/Header/Header.js
20250315	13:50:14	request	339b71cf-e1a8-43db-bad1-a8c832df4dad	GET	http://localhost:3000	/assets/js/common-components/Modals/edit/edit_dog.modal.js
20250315	13:50:14	request	53134dde-0ad2-4678-aeb8-8aa5e5c1291b	GET	http://localhost:3000	/assets/js/common-components/Footer/Footer.js
20250315	13:50:14	request	6e45105a-afe2-4626-ab59-713ba6f003da	GET	http://localhost:3000	/assets/js/utils/globalVariables.js
20250315	13:50:14	request	9c182d80-7a48-4eba-b490-65bfdf208903	GET	http://localhost:3000	/assets/js/common-components/Modals/modal.js
20250315	13:50:37	request	467d7cf3-8c8b-4bbb-a46c-71815abdb4ba	GET	undefined	/
20250315	13:50:37	request	0a18597c-d3dc-48b4-bc95-08a970b73f16	GET	undefined	/assets/css/home.css
20250315	13:50:37	request	12fa3640-dabb-44c2-b7b6-be71080274d3	GET	undefined	/assets/css/common.css
20250315	13:50:37	request	61c4a5f3-f714-4940-99bb-079fcd9a3c8e	GET	http://localhost:3000	/assets/js/common-components/index.js
20250315	13:50:37	request	e53ccc77-28ab-45e4-aabe-09cfe5bf7d76	GET	http://localhost:3000	/assets/js/main/home.js
20250315	13:50:37	request	f8baf83d-722c-4cc6-8a41-40c31141a7c3	GET	http://localhost:3000	/assets/js/common-components/GitRepositoryHeader/GitRepositoryHeader.js
20250315	13:50:37	request	cb8dc504-6f6d-463c-a013-5bc2cf2be267	GET	http://localhost:3000	/assets/js/common-components/Header/Header.js
20250315	13:50:37	request	8cea26b1-494f-4ac4-ad9a-281d7f359b19	GET	http://localhost:3000	/assets/js/common-components/Footer/Footer.js
20250315	13:50:37	request	005d7323-aafa-4e29-855d-98e31a73811b	GET	http://localhost:3000	/assets/js/common-components/Modals/edit/edit_dog.modal.js
20250315	13:50:37	request	a03aabcc-e8f1-4e0a-86d1-015dab116ead	GET	http://localhost:3000	/assets/js/common-components/Modals/modal.js
20250315	13:50:37	request	a6d41685-dbae-452c-adad-4677e7e2e398	GET	http://localhost:3000	/assets/js/utils/globalVariables.js
20250315	13:50:59	request	0fadcad2-ccc8-40d1-bb94-6928cd155bd0	GET	undefined	/
20250315	13:50:59	request	891b432c-3585-4fe7-8e77-b492891fa576	GET	undefined	/assets/css/home.css
20250315	13:50:59	request	3a990e7d-4416-4b97-924d-535a3bbc47d3	GET	undefined	/assets/css/common.css
20250315	13:50:59	request	f995f215-f6b5-4ecf-8eed-fa4f14f31aea	GET	http://localhost:3000	/assets/js/common-components/index.js
20250315	13:50:59	request	be29c54e-24ef-4a33-b5c7-d4730d8c2be3	GET	http://localhost:3000	/assets/js/main/home.js
20250315	13:50:59	request	66da53f6-de44-4b8a-bd6a-d214f6467fde	GET	http://localhost:3000	/assets/js/common-components/GitRepositoryHeader/GitRepositoryHeader.js
20250315	13:50:59	request	97cdbecf-334b-4e7a-8da6-48916d43a7f1	GET	http://localhost:3000	/assets/js/common-components/Modals/modal.js
20250315	13:50:59	request	81020a64-3ae6-4866-bcbb-779f557906a7	GET	http://localhost:3000	/assets/js/common-components/Modals/edit/edit_dog.modal.js
20250315	13:50:59	request	dc222bf3-7378-491e-8dec-81d7a59ed76f	GET	http://localhost:3000	/assets/js/common-components/Footer/Footer.js
20250315	13:50:59	request	7181fac9-f3f6-45dd-a85b-356b261efd73	GET	http://localhost:3000	/assets/js/common-components/Header/Header.js
20250315	13:50:59	request	7da58a8c-6a1f-4a37-995f-c79de39e5cc4	GET	http://localhost:3000	/assets/js/utils/globalVariables.js
20250315	13:51:18	request	707545be-b7f7-4d10-a4ff-be5bd802a833	GET	undefined	/
20250315	13:51:18	request	507a7d43-1dbc-47b4-8f77-46874d4b361e	GET	undefined	/assets/css/home.css
20250315	13:51:18	request	5e0eb526-34f6-4550-a683-1d538ff094aa	GET	undefined	/assets/css/common.css
20250315	13:51:18	request	c067cebf-a1ab-4270-9842-9c25cc180afc	GET	http://localhost:3000	/assets/js/common-components/index.js
20250315	13:51:18	request	ba86bf41-9d74-4257-a5ed-939ecc77268f	GET	http://localhost:3000	/assets/js/main/home.js
20250315	13:51:18	request	d6292be2-cc2d-4dfa-9a39-90c62a22fe3f	GET	http://localhost:3000	/assets/js/common-components/GitRepositoryHeader/GitRepositoryHeader.js
20250315	13:51:18	request	f4ddca75-e81a-4916-bc0c-4682e22cda77	GET	http://localhost:3000	/assets/js/common-components/Footer/Footer.js
20250315	13:51:18	request	524fbb73-bfad-4402-9bca-023b2e46173d	GET	http://localhost:3000	/assets/js/common-components/Header/Header.js
20250315	13:51:18	request	130d0d05-1069-436c-8453-f42e09ec718e	GET	http://localhost:3000	/assets/js/common-components/Modals/modal.js
20250315	13:51:18	request	b0fa5210-e0a2-4167-81be-05abb0eb8f4d	GET	http://localhost:3000	/assets/js/common-components/Modals/edit/edit_dog.modal.js
20250315	13:51:18	request	93208116-ef1f-4a41-928c-199880c80c3a	GET	http://localhost:3000	/assets/js/utils/globalVariables.js
20250315	13:51:30	request	c495a6cb-a555-4e78-bad2-4d3d9bc86f1e	GET	undefined	/
20250315	13:51:30	request	ce60ca63-9f0e-4ff5-9311-88ee8122e53f	GET	undefined	/assets/css/home.css
20250315	13:51:30	request	954c9ad8-0f8a-4709-b46a-876ee13b819e	GET	http://localhost:3000	/assets/js/common-components/index.js
20250315	13:51:30	request	b4becb75-97ae-4acb-b6a5-4ffffe2512c3	GET	http://localhost:3000	/assets/js/main/home.js
20250315	13:51:31	request	98316e26-2cd4-4c46-9da0-80807b5e93b4	GET	http://localhost:3000	/assets/js/common-components/GitRepositoryHeader/GitRepositoryHeader.js
20250315	13:51:31	request	aa755a08-c03b-437c-bc4a-0e88834de140	GET	http://localhost:3000	/assets/js/common-components/Header/Header.js
20250315	13:51:31	request	fd2d6e8a-87a6-4d21-b107-dcf03185eb27	GET	http://localhost:3000	/assets/js/common-components/Footer/Footer.js
20250315	13:51:31	request	0f374856-b903-460c-bc96-3056d6310e7b	GET	http://localhost:3000	/assets/js/common-components/Modals/modal.js
20250315	13:51:31	request	2512202e-d934-4bfa-b974-fbadedf5b764	GET	http://localhost:3000	/assets/js/utils/globalVariables.js
20250315	13:51:31	request	79ed921f-753a-44e9-9377-ffe090e46764	GET	http://localhost:3000	/assets/js/common-components/Modals/edit/edit_dog.modal.js
20250315	13:51:48	request	ad5f654c-81cb-4668-8206-22123e709ba4	GET	undefined	/
20250315	13:51:48	request	40be09b2-a099-4d64-aec5-ad5f0081090a	GET	undefined	/assets/css/home.css
20250315	13:51:48	request	c1ebaa90-5863-41a5-abc7-977de5039a2e	GET	undefined	/assets/css/common.css
20250315	13:51:48	request	52ed6060-55ad-4202-b25f-64bd45fb76a1	GET	http://localhost:3000	/assets/js/common-components/index.js
20250315	13:51:48	request	452b8d53-e77f-4fa7-8c93-a50ec35e14a5	GET	http://localhost:3000	/assets/js/main/home.js
20250315	13:51:48	request	cc7ed6cd-fab6-49dd-80d9-8fde41ec49c8	GET	http://localhost:3000	/assets/js/common-components/GitRepositoryHeader/GitRepositoryHeader.js
20250315	13:51:48	request	827301ad-1e7e-488b-9ed8-17cde8bf9e90	GET	http://localhost:3000	/assets/js/common-components/Header/Header.js
20250315	13:51:48	request	01747366-e37c-4961-b5b4-477b433622eb	GET	http://localhost:3000	/assets/js/common-components/Footer/Footer.js
20250315	13:51:48	request	03a50e55-971c-46c1-bbe4-043f8f3749af	GET	http://localhost:3000	/assets/js/common-components/Modals/modal.js
20250315	13:51:48	request	a06fc32d-2b2e-492b-87cc-37f92d35c5af	GET	http://localhost:3000	/assets/js/common-components/Modals/edit/edit_dog.modal.js
20250315	13:51:48	request	e7545eb6-8055-46db-8d06-7917fe63bb8f	GET	http://localhost:3000	/assets/js/utils/globalVariables.js
20250315	13:52:46	request	408f0307-d957-490c-8d5f-8200bd9b03cf	GET	undefined	/
20250315	13:52:46	request	8ea21a3e-aea8-4c7b-8d95-ce1324d7ead1	GET	undefined	/assets/css/home.css
20250315	13:52:46	request	1eb8985e-c6b8-44f2-b5c9-fdd0048c6f34	GET	http://localhost:3000	/assets/js/common-components/index.js
20250315	13:52:46	request	e6fe349d-574e-4929-982c-1952cc2d3cfa	GET	undefined	/assets/css/common.css
20250315	13:52:46	request	67cc2eba-ad8e-4bf6-a8bb-8cff6c9fc372	GET	http://localhost:3000	/assets/js/main/home.js
20250315	13:52:46	request	214ec438-0284-4f3b-976c-19421578e5c0	GET	http://localhost:3000	/assets/js/common-components/GitRepositoryHeader/GitRepositoryHeader.js
20250315	13:52:46	request	fd1bad1a-e2c6-418c-8d57-a93e5970730b	GET	http://localhost:3000	/assets/js/common-components/Header/Header.js
20250315	13:52:46	request	e7ee4984-eddf-491c-869d-0b3ae23f43be	GET	http://localhost:3000	/assets/js/common-components/Modals/modal.js
20250315	13:52:46	request	a528db11-07bc-4a8a-8b86-97eecae81c40	GET	http://localhost:3000	/assets/js/common-components/Footer/Footer.js
20250315	13:52:46	request	20e3228c-780e-4813-bd06-917e8a180ba6	GET	http://localhost:3000	/assets/js/common-components/Modals/edit/edit_dog.modal.js
20250315	13:52:46	request	eec3b0c8-165a-4b43-ab1f-cb13150be7ef	GET	http://localhost:3000	/assets/js/utils/globalVariables.js
20250315	14:06:03	request	c3e9f73d-7937-42a8-acb3-23cffee20ad9	GET	undefined	/
20250315	14:06:03	request	48fe30cf-3749-4fd8-9f6e-027db1b7d321	GET	undefined	/assets/css/home.css
20250315	14:06:03	request	f826a64b-e584-4df0-952f-f34cdb34d86d	GET	undefined	/assets/css/common.css
20250315	14:06:03	request	fc7af22c-21a7-41bf-82ea-12036abd8c5f	GET	http://localhost:3000	/assets/js/main/home.js
20250315	14:06:03	request	3c57f060-3fcf-452a-98a3-7a47842181dd	GET	http://localhost:3000	/assets/js/common-components/index.js
20250315	14:06:03	request	5e60152b-defd-4e21-9253-caf8d0e81e2b	GET	http://localhost:3000	/assets/js/common-components/GitRepositoryHeader/GitRepositoryHeader.js
20250315	14:06:03	request	4ec42a89-7f67-4cc8-9049-7c5e14d4f251	GET	http://localhost:3000	/assets/js/common-components/Header/Header.js
20250315	14:06:03	request	de807901-8802-408c-868d-1c81411c1f0e	GET	http://localhost:3000	/assets/js/common-components/Modals/modal.js
20250315	14:06:03	request	97f49ae4-96a2-48b4-9a8f-41cf42ee95b4	GET	http://localhost:3000	/assets/js/common-components/Footer/Footer.js
20250315	14:06:03	request	12a34f2a-8a04-4e80-8e25-8c268ae69e61	GET	http://localhost:3000	/assets/js/common-components/Modals/edit/edit_dog.modal.js
20250315	14:06:03	request	8fc672c9-1502-4f07-bb00-86994d62de11	GET	http://localhost:3000	/assets/js/utils/globalVariables.js
20250315	14:07:29	request	83223d63-b771-423a-89cc-64e4d8353bbe	GET	undefined	/
20250315	14:07:29	request	c4cdc847-34ff-4a5e-a290-883d728cba0f	GET	undefined	/assets/css/home.css
20250315	14:07:29	request	4cf0eff5-b2c7-42b9-877d-4432c70ed836	GET	undefined	/assets/css/common.css
20250315	14:07:29	request	3fa3b588-7d78-4a65-ac02-17a1f63a633e	GET	http://localhost:3000	/assets/js/common-components/index.js
20250315	14:07:29	request	cc2d466d-1989-48b1-bf9e-02b53f56e7c1	GET	http://localhost:3000	/assets/js/main/home.js
20250315	14:07:29	request	3d0e7898-5e97-46e5-8e3b-7b4b29b80100	GET	http://localhost:3000	/assets/js/common-components/GitRepositoryHeader/GitRepositoryHeader.js
20250315	14:07:29	request	5c0a84a1-0adb-47df-9a1e-9ef04431de2b	GET	http://localhost:3000	/assets/js/common-components/Header/Header.js
20250315	14:07:29	request	ce03de49-2b4f-4f8b-a4a9-b4f09bae4b7b	GET	http://localhost:3000	/assets/js/common-components/Footer/Footer.js
20250315	14:07:29	request	fcc3fadd-19ec-4bb7-93b6-17ff380b3b26	GET	http://localhost:3000	/assets/js/common-components/Modals/modal.js
20250315	14:07:29	request	4078e1df-ac2b-47c2-9433-5b3f9acb67ee	GET	http://localhost:3000	/assets/js/common-components/Modals/edit/edit_dog.modal.js
20250315	14:07:29	request	3dd0e445-8618-4b2d-8ce4-e4eb8d4cd561	GET	http://localhost:3000	/assets/js/utils/globalVariables.js
